<?xml version="1.0" encoding="UTF-8"?>
<testng-results ignored="0" total="1" passed="1" failed="0" skipped="0">
  <reporter-output>
  </reporter-output>
  <suite started-at="2023-05-03T12:40:43 IST" name="Suite" finished-at="2023-05-03T12:41:10 IST" duration-ms="26880">
    <groups>
    </groups>
    <test started-at="2023-05-03T12:40:43 IST" name="Test" finished-at="2023-05-03T12:41:10 IST" duration-ms="26880">
      <class name="hrm.browser">
        <test-method signature="test()[pri:0, instance:hrm.browser@14dd9eb7]" started-at="2023-05-03T12:40:43 IST" name="test" finished-at="2023-05-03T12:41:10 IST" duration-ms="26824" status="PASS">
          <reporter-output>
          </reporter-output>
        </test-method> <!-- test -->
      </class> <!-- hrm.browser -->
    </test> <!-- Test -->
  </suite> <!-- Suite -->
</testng-results>
