<?xml version="1.0" encoding="UTF-8"?>
<testng-results ignored="0" total="1" passed="1" failed="0" skipped="0">
  <reporter-output>
  </reporter-output>
  <suite started-at="2023-05-03T12:20:42 IST" name="Default suite" finished-at="2023-05-03T12:20:53 IST" duration-ms="10958">
    <groups>
    </groups>
    <test started-at="2023-05-03T12:20:42 IST" name="Default test" finished-at="2023-05-03T12:20:53 IST" duration-ms="10958">
      <class name="hrm.browser">
        <test-method signature="test()[pri:0, instance:hrm.browser@799f10e1]" started-at="2023-05-03T12:20:42 IST" name="test" finished-at="2023-05-03T12:20:53 IST" duration-ms="10875" status="PASS">
          <reporter-output>
          </reporter-output>
        </test-method> <!-- test -->
      </class> <!-- hrm.browser -->
    </test> <!-- Default test -->
  </suite> <!-- Default suite -->
</testng-results>
